<?xml version="1.0" encoding="UTF-8"?>
<testsuite xmlns:xsi="http://www.w3.org/2001/XMLSchema-instance" xsi:noNamespaceSchemaLocation="https://maven.apache.org/surefire/maven-surefire-plugin/xsd/surefire-test-report.xsd" name="uvg.edu.LicuadoraTest" time="0.116" tests="4" errors="0" skipped="0" failures="0">
  <properties>
[...]
</properties>
  <testcase name="testAumentarVelocidad" classname="uvg.edu.LicuadoraTest" time="0.039"/>
  <testcase name="testEncender" classname="uvg.edu.LicuadoraTest" time="0.002"/>
  <testcase name="testLlenar" classname="uvg.edu.LicuadoraTest" time="0.004"/>
  <testcase name="testDisminuirVelocidad" classname="uvg.edu.LicuadoraTest" time="0.004"/>
</testsuite>